[2019-08-08 17:30:07] Debug: [] [0] memory total: 835472   app used: 35756
[2019-08-08 17:30:08] Debug: [] [0] memory total: 835472   app used: 35924
[2019-08-08 17:30:09] Debug: [] [0] memory total: 835472   app used: 35924
[2019-08-08 17:30:10] Debug: [] [0] memory total: 835472   app used: 36708
[2019-08-08 17:30:11] Debug: [] [0] memory total: 835472   app used: 36716
[2019-08-08 17:30:12] Debug: [] [0] memory total: 835472   app used: 36716
[2019-08-08 17:30:13] Debug: [] [0] memory total: 835472   app used: 36716
[2019-08-08 17:30:14] Debug: [] [0] memory total: 835472   app used: 36716
[2019-08-08 17:30:15] Debug: [] [0] memory total: 835472   app used: 36716
[2019-08-08 17:30:16] Debug: [] [0] memory total: 835472   app used: 36716
[2019-08-08 17:30:17] Debug: [] [0] memory total: 835472   app used: 36716
[2019-08-08 17:30:18] Debug: [] [0] memory total: 835472   app used: 36716
[2019-08-08 17:30:19] Debug: [] [0] memory total: 835472   app used: 36716
[2019-08-08 17:30:20] Debug: [] [0] memory total: 835472   app used: 36716
[2019-08-08 17:30:21] Debug: [] [0] memory total: 835472   app used: 36716
[2019-08-08 17:30:22] Debug: [] [0] memory total: 835472   app used: 36716
[2019-08-08 17:30:23] Debug: [] [0] memory total: 835472   app used: 36716
[2019-08-08 17:30:24] Debug: [] [0] memory total: 835472   app used: 36716
[2019-08-08 17:30:25] Debug: [] [0] memory total: 835472   app used: 36716
[2019-08-08 17:30:26] Debug: [] [0] memory total: 835472   app used: 36716
[2019-08-08 17:30:27] Debug: [] [0] memory total: 835472   app used: 36716
[2019-08-08 17:30:28] Debug: [] [0] memory total: 835472   app used: 36716
[2019-08-08 17:30:29] Debug: [] [0] memory total: 835472   app used: 36716
[2019-08-08 17:30:30] Debug: [] [0] memory total: 835472   app used: 36716
[2019-08-08 17:30:31] Debug: [] [0] memory total: 835472   app used: 36716
[2019-08-08 17:30:32] Debug: [] [0] memory total: 835472   app used: 36716
[2019-08-08 17:30:33] Debug: [] [0] memory total: 835472   app used: 36716
[2019-08-08 17:30:34] Debug: [] [0] memory total: 835472   app used: 36716
[2019-08-08 17:30:35] Debug: [] [0] memory total: 835472   app used: 36716
[2019-08-08 17:30:36] Debug: [] [0] memory total: 835472   app used: 36716
[2019-08-08 17:30:37] Debug: [] [0] memory total: 835472   app used: 36716
[2019-08-08 17:30:38] Debug: [] [0] memory total: 835472   app used: 36716
[2019-08-08 17:30:39] Debug: [] [0] memory total: 835472   app used: 36716
[2019-08-08 17:30:40] Debug: [] [0] memory total: 835472   app used: 36716
[2019-08-08 17:30:41] Debug: [] [0] memory total: 835472   app used: 36716
[2019-08-08 17:30:42] Debug: [] [0] memory total: 835472   app used: 36716
[2019-08-08 17:30:43] Debug: [] [0] memory total: 835472   app used: 36716
[2019-08-08 17:30:44] Debug: [] [0] memory total: 835472   app used: 36716
[2019-08-08 17:30:45] Debug: [] [0] memory total: 835472   app used: 36716
[2019-08-08 17:30:46] Debug: [] [0] memory total: 835472   app used: 36716
[2019-08-08 17:30:47] Debug: [] [0] memory total: 835472   app used: 36716
[2019-08-08 17:30:48] Debug: [] [0] memory total: 835472   app used: 36716
[2019-08-08 17:30:49] Debug: [] [0] memory total: 835472   app used: 36716
[2019-08-08 17:30:50] Debug: [] [0] memory total: 835472   app used: 36716
[2019-08-08 17:30:51] Debug: [] [0] memory total: 835472   app used: 36716
[2019-08-08 17:30:52] Debug: [] [0] memory total: 835472   app used: 36716
[2019-08-08 17:30:53] Debug: [] [0] memory total: 835472   app used: 36716
[2019-08-08 17:30:54] Debug: [] [0] memory total: 835472   app used: 36716
[2019-08-08 17:30:55] Debug: [] [0] memory total: 835472   app used: 36716
[2019-08-08 17:30:56] Debug: [] [0] memory total: 835472   app used: 36716
[2019-08-08 17:30:57] Debug: [] [0] memory total: 835472   app used: 36716
[2019-08-08 17:30:58] Debug: [] [0] memory total: 835472   app used: 36716
[2019-08-08 17:30:59] Debug: [] [0] memory total: 835472   app used: 36716
[2019-08-08 17:31:00] Debug: [] [0] memory total: 835472   app used: 36716
[2019-08-08 17:31:01] Debug: [] [0] memory total: 835472   app used: 36716
[2019-08-08 17:31:02] Debug: [] [0] memory total: 835472   app used: 36716
[2019-08-08 17:31:03] Debug: [] [0] memory total: 835472   app used: 36716
[2019-08-08 17:31:04] Debug: [] [0] memory total: 835472   app used: 36716
[2019-08-08 17:31:05] Debug: [] [0] memory total: 835472   app used: 36660
[2019-08-08 17:31:06] Debug: [] [0] memory total: 835472   app used: 36660
[2019-08-08 17:31:07] Debug: [] [0] memory total: 835472   app used: 36660
[2019-08-08 17:31:08] Debug: [] [0] memory total: 835472   app used: 36660
[2019-08-08 17:31:09] Debug: [] [0] memory total: 835472   app used: 36660
[2019-08-08 17:31:10] Debug: [] [0] memory total: 835472   app used: 36660
[2019-08-08 17:31:11] Debug: [] [0] memory total: 835472   app used: 36660
[2019-08-08 17:31:12] Debug: [] [0] memory total: 835472   app used: 36660
[2019-08-08 17:31:13] Debug: [] [0] memory total: 835472   app used: 36660
[2019-08-08 17:31:14] Debug: [] [0] memory total: 835472   app used: 36660
[2019-08-08 17:31:15] Debug: [] [0] memory total: 835472   app used: 36660
[2019-08-08 17:31:16] Debug: [] [0] memory total: 835472   app used: 36660
[2019-08-08 17:31:17] Debug: [] [0] memory total: 835472   app used: 36660
[2019-08-08 17:31:18] Debug: [] [0] memory total: 835472   app used: 36660
[2019-08-08 17:31:19] Debug: [] [0] memory total: 835472   app used: 36660
[2019-08-08 17:31:20] Debug: [] [0] memory total: 835472   app used: 36660
[2019-08-08 17:31:21] Debug: [] [0] memory total: 835472   app used: 36660
[2019-08-08 17:31:22] Debug: [] [0] memory total: 835472   app used: 36660
[2019-08-08 17:31:23] Debug: [] [0] memory total: 835472   app used: 36660
[2019-08-08 17:31:24] Debug: [] [0] memory total: 835472   app used: 36660
[2019-08-08 17:31:25] Debug: [] [0] memory total: 835472   app used: 36660
[2019-08-08 17:31:26] Debug: [] [0] memory total: 835472   app used: 36660
[2019-08-08 17:31:27] Debug: [] [0] memory total: 835472   app used: 36660
[2019-08-08 17:31:28] Debug: [] [0] memory total: 835472   app used: 36660
[2019-08-08 17:31:29] Debug: [] [0] memory total: 835472   app used: 36660
[2019-08-08 17:31:30] Debug: [] [0] memory total: 835472   app used: 36660
[2019-08-08 17:31:31] Debug: [] [0] memory total: 835472   app used: 36660
[2019-08-08 17:31:32] Debug: [] [0] memory total: 835472   app used: 36660
[2019-08-08 17:31:33] Debug: [] [0] memory total: 835472   app used: 36660
[2019-08-08 17:31:34] Debug: [] [0] memory total: 835472   app used: 36660
[2019-08-08 17:31:35] Debug: [] [0] memory total: 835472   app used: 36660
[2019-08-08 17:31:36] Debug: [] [0] memory total: 835472   app used: 36660
[2019-08-08 17:31:37] Debug: [] [0] memory total: 835472   app used: 36660
[2019-08-08 17:31:38] Debug: [] [0] memory total: 835472   app used: 36660
[2019-08-08 17:31:39] Debug: [] [0] memory total: 835472   app used: 36660
[2019-08-08 17:31:40] Debug: [] [0] memory total: 835472   app used: 36660
[2019-08-08 17:31:41] Debug: [] [0] memory total: 835472   app used: 36676
[2019-08-08 17:31:42] Debug: [] [0] memory total: 835472   app used: 36676
[2019-08-08 17:31:43] Debug: [] [0] memory total: 835472   app used: 36676
[2019-08-08 17:31:44] Debug: [] [0] memory total: 835472   app used: 36676
[2019-08-08 17:31:45] Debug: [] [0] memory total: 835472   app used: 36676
[2019-08-08 17:31:46] Debug: [] [0] memory total: 835472   app used: 36676
[2019-08-08 17:31:47] Debug: [] [0] memory total: 835472   app used: 36676
[2019-08-08 17:31:48] Debug: [] [0] memory total: 835472   app used: 36676
[2019-08-08 17:31:49] Debug: [] [0] memory total: 835472   app used: 36676
[2019-08-08 17:31:50] Debug: [] [0] memory total: 835472   app used: 36676
[2019-08-08 17:31:51] Debug: [] [0] memory total: 835472   app used: 36676
[2019-08-08 17:31:52] Debug: [] [0] memory total: 835472   app used: 36676
[2019-08-08 17:31:53] Debug: [] [0] memory total: 835472   app used: 36676
[2019-08-08 17:31:54] Debug: [] [0] memory total: 835472   app used: 36676
[2019-08-08 17:31:55] Debug: [] [0] memory total: 835472   app used: 36676
[2019-08-08 17:31:56] Debug: [] [0] memory total: 835472   app used: 36676
[2019-08-08 17:31:57] Debug: [] [0] memory total: 835472   app used: 36676
[2019-08-08 17:31:58] Debug: [] [0] memory total: 835472   app used: 36676
[2019-08-08 17:31:59] Debug: [] [0] memory total: 835472   app used: 36676
[2019-08-08 17:32:00] Debug: [] [0] memory total: 835472   app used: 36676
[2019-08-08 17:32:01] Debug: [] [0] memory total: 835472   app used: 36676
[2019-08-08 17:32:02] Debug: [] [0] memory total: 835472   app used: 36676
[2019-08-08 17:32:03] Debug: [] [0] memory total: 835472   app used: 36676
[2019-08-08 17:32:04] Debug: [] [0] memory total: 835472   app used: 36676
[2019-08-08 17:32:05] Debug: [] [0] memory total: 835472   app used: 36676
[2019-08-08 17:32:06] Debug: [] [0] memory total: 835472   app used: 36676
[2019-08-08 17:32:07] Debug: [] [0] memory total: 835472   app used: 36676
[2019-08-08 17:32:08] Debug: [] [0] memory total: 835472   app used: 36676
[2019-08-08 17:32:09] Debug: [] [0] memory total: 835472   app used: 36668
[2019-08-08 17:32:10] Debug: [] [0] memory total: 835472   app used: 36668
[2019-08-08 17:32:11] Debug: [] [0] memory total: 835472   app used: 36668
[2019-08-08 17:32:12] Debug: [] [0] memory total: 835472   app used: 36668
[2019-08-08 17:32:13] Debug: [] [0] memory total: 835472   app used: 36668
[2019-08-08 17:32:14] Debug: [] [0] memory total: 835472   app used: 36668
[2019-08-08 17:32:15] Debug: [] [0] memory total: 835472   app used: 36668
[2019-08-08 17:32:16] Debug: [] [0] memory total: 835472   app used: 36668
[2019-08-08 17:32:17] Debug: [] [0] memory total: 835472   app used: 36668
[2019-08-08 17:32:18] Debug: [] [0] memory total: 835472   app used: 36668
[2019-08-08 17:32:19] Debug: [] [0] memory total: 835472   app used: 36668
[2019-08-08 17:32:20] Debug: [] [0] memory total: 835472   app used: 36668
[2019-08-08 17:32:21] Debug: [] [0] memory total: 835472   app used: 36668
[2019-08-08 17:32:22] Debug: [] [0] memory total: 835472   app used: 36668
[2019-08-08 17:32:23] Debug: [] [0] memory total: 835472   app used: 36668
[2019-08-08 17:32:24] Debug: [] [0] memory total: 835472   app used: 36668
[2019-08-08 17:32:25] Debug: [] [0] memory total: 835472   app used: 36668
[2019-08-08 17:32:26] Debug: [] [0] memory total: 835472   app used: 36668
[2019-08-08 17:32:27] Debug: [] [0] memory total: 835472   app used: 36668
[2019-08-08 17:32:28] Debug: [] [0] memory total: 835472   app used: 36668
[2019-08-08 17:32:29] Debug: [] [0] memory total: 835472   app used: 36668
[2019-08-08 17:32:30] Debug: [] [0] memory total: 835472   app used: 36668
[2019-08-08 17:32:31] Debug: [] [0] memory total: 835472   app used: 36668
[2019-08-08 17:32:32] Debug: [] [0] memory total: 835472   app used: 36668
[2019-08-08 17:32:33] Debug: [] [0] memory total: 835472   app used: 36668
[2019-08-08 17:32:34] Debug: [] [0] memory total: 835472   app used: 36668
[2019-08-08 17:32:35] Debug: [] [0] memory total: 835472   app used: 36668
[2019-08-08 17:32:36] Debug: [] [0] memory total: 835472   app used: 36668
[2019-08-08 17:32:37] Debug: [] [0] memory total: 835472   app used: 36668
[2019-08-08 17:32:38] Debug: [] [0] memory total: 835472   app used: 36668
[2019-08-08 17:32:39] Debug: [] [0] memory total: 835472   app used: 36668
[2019-08-08 17:32:40] Debug: [] [0] memory total: 835472   app used: 36668
[2019-08-08 17:32:41] Debug: [] [0] memory total: 835472   app used: 36668
[2019-08-08 17:32:42] Debug: [] [0] memory total: 835472   app used: 36668
[2019-08-08 17:32:43] Debug: [] [0] memory total: 835472   app used: 36668
[2019-08-08 17:32:44] Debug: [] [0] memory total: 835472   app used: 36668
[2019-08-08 17:32:45] Debug: [] [0] memory total: 835472   app used: 36668
[2019-08-08 17:32:46] Debug: [] [0] memory total: 835472   app used: 36668
[2019-08-08 17:32:47] Debug: [] [0] memory total: 835472   app used: 36668
[2019-08-08 17:32:48] Debug: [] [0] memory total: 835472   app used: 36668
[2019-08-08 17:32:49] Debug: [] [0] memory total: 835472   app used: 36668
[2019-08-08 17:32:50] Debug: [] [0] memory total: 835472   app used: 36668
[2019-08-08 17:32:51] Debug: [] [0] memory total: 835472   app used: 36668
[2019-08-08 17:32:52] Debug: [] [0] memory total: 835472   app used: 36668
[2019-08-08 17:32:53] Debug: [] [0] memory total: 835472   app used: 36668
[2019-08-08 17:32:54] Debug: [] [0] memory total: 835472   app used: 36668
[2019-08-08 17:32:55] Debug: [] [0] memory total: 835472   app used: 36668
[2019-08-08 17:32:56] Debug: [] [0] memory total: 835472   app used: 36668
[2019-08-08 17:32:57] Debug: [] [0] memory total: 835472   app used: 36668
[2019-08-08 17:32:58] Debug: [] [0] memory total: 835472   app used: 36668
[2019-08-08 17:32:59] Debug: [] [0] memory total: 835472   app used: 36668
[2019-08-08 17:33:00] Debug: [] [0] memory total: 835472   app used: 36668
[2019-08-08 17:33:01] Debug: [] [0] memory total: 835472   app used: 36668
[2019-08-08 17:33:02] Debug: [] [0] memory total: 835472   app used: 36668
[2019-08-08 17:33:03] Debug: [] [0] memory total: 835472   app used: 36668
[2019-08-08 17:33:04] Debug: [] [0] memory total: 835472   app used: 36668
[2019-08-08 17:33:05] Debug: [] [0] memory total: 835472   app used: 36668
[2019-08-08 17:33:06] Debug: [] [0] memory total: 835472   app used: 36668
[2019-08-08 17:33:07] Debug: [] [0] memory total: 835472   app used: 36668
[2019-08-08 17:33:08] Debug: [] [0] memory total: 835472   app used: 36668
[2019-08-08 17:33:09] Debug: [] [0] memory total: 835472   app used: 36668
[2019-08-08 17:33:10] Debug: [] [0] memory total: 835472   app used: 36668
[2019-08-08 17:33:11] Debug: [] [0] memory total: 835472   app used: 36668
[2019-08-08 17:33:12] Debug: [] [0] memory total: 835472   app used: 36668
[2019-08-08 17:33:13] Debug: [] [0] memory total: 835472   app used: 36668
[2019-08-08 17:33:14] Debug: [] [0] memory total: 835472   app used: 36668
[2019-08-08 17:33:15] Debug: [] [0] memory total: 835472   app used: 36668
[2019-08-08 17:33:16] Debug: [] [0] memory total: 835472   app used: 36668
[2019-08-08 17:33:17] Debug: [] [0] memory total: 835472   app used: 36668
[2019-08-08 17:33:18] Debug: [] [0] memory total: 835472   app used: 36668
[2019-08-08 17:33:19] Debug: [] [0] memory total: 835472   app used: 36668
[2019-08-08 17:33:20] Debug: [] [0] memory total: 835472   app used: 36668
[2019-08-08 17:33:21] Debug: [] [0] memory total: 835472   app used: 36668
[2019-08-08 17:33:22] Debug: [] [0] memory total: 835472   app used: 36668
[2019-08-08 17:33:23] Debug: [] [0] memory total: 835472   app used: 36668
[2019-08-08 17:33:24] Debug: [] [0] memory total: 835472   app used: 36668
[2019-08-08 17:33:25] Debug: [] [0] memory total: 835472   app used: 36668
[2019-08-08 17:33:26] Debug: [] [0] memory total: 835472   app used: 36668
[2019-08-08 17:33:27] Debug: [] [0] memory total: 835472   app used: 36668
[2019-08-08 17:33:28] Debug: [] [0] memory total: 835472   app used: 36668
[2019-08-08 17:33:29] Debug: [] [0] memory total: 835472   app used: 36668
[2019-08-08 17:33:30] Debug: [] [0] memory total: 835472   app used: 36668
[2019-08-08 17:33:31] Debug: [] [0] memory total: 835472   app used: 36668
[2019-08-08 17:33:32] Debug: [] [0] memory total: 835472   app used: 36668
[2019-08-08 17:33:33] Debug: [] [0] memory total: 835472   app used: 36668
[2019-08-08 17:33:34] Debug: [] [0] memory total: 835472   app used: 36668
[2019-08-08 17:33:35] Debug: [] [0] memory total: 835472   app used: 36668
[2019-08-08 17:33:36] Debug: [] [0] memory total: 835472   app used: 36668
[2019-08-08 17:33:37] Debug: [] [0] memory total: 835472   app used: 36668
[2019-08-08 17:33:38] Debug: [] [0] memory total: 835472   app used: 36668
[2019-08-08 17:33:39] Debug: [] [0] memory total: 835472   app used: 36668
[2019-08-08 17:33:40] Debug: [] [0] memory total: 835472   app used: 36668
[2019-08-08 17:33:41] Debug: [] [0] memory total: 835472   app used: 36668
[2019-08-08 17:33:42] Debug: [] [0] memory total: 835472   app used: 36668
[2019-08-08 17:33:43] Debug: [] [0] memory total: 835472   app used: 36668
[2019-08-08 17:33:44] Debug: [] [0] memory total: 835472   app used: 36668
[2019-08-08 17:33:45] Debug: [] [0] memory total: 835472   app used: 36668
[2019-08-08 17:33:46] Debug: [] [0] memory total: 835472   app used: 36668
[2019-08-08 17:33:47] Debug: [] [0] memory total: 835472   app used: 36668
[2019-08-08 17:33:48] Debug: [] [0] memory total: 835472   app used: 36668
[2019-08-08 17:33:49] Debug: [] [0] memory total: 835472   app used: 36668
[2019-08-08 17:33:50] Debug: [] [0] memory total: 835472   app used: 36668
[2019-08-08 17:33:51] Debug: [] [0] memory total: 835472   app used: 36668
[2019-08-08 17:35:35] Debug: [] [0] memory total: 7664656   app used: 36612
[2019-08-08 17:36:05] Debug: [] [0] memory total: 7664656   app used: 36700
[2019-08-08 17:38:06] Debug: [] [0] memory total: 6571376   app used: 36628
[2019-08-08 17:49:50] Debug: [] [0] memory total: 6571376   app used: 36580
[2019-08-08 17:50:20] Debug: [] [0] memory total: 6571376   app used: 36656
[2019-08-08 17:50:50] Debug: [] [0] memory total: 6571376   app used: 36668
[2019-08-08 17:53:44] Debug: [] [0] open settings windows now
[2019-08-08 17:53:53] Debug: [] [0] open settings windows now
[2019-08-08 17:53:55] Debug: [] [0] open settings windows now
[2019-08-08 17:53:59] Debug: [] [0] memory total: 76170608   app used: 37440
[2019-08-08 17:54:29] Debug: [] [0] memory total: 76170608   app used: 37388
[2019-08-09 09:03:07] Debug: [] [0] memory total: 6571344   app used: 27504
[2019-08-09 09:03:37] Debug: [] [0] memory total: 6571344   app used: 27624
[2019-08-09 09:04:07] Debug: [] [0] memory total: 6571344   app used: 27628
[2019-08-09 09:04:37] Debug: [] [0] memory total: 6571344   app used: 27628
[2019-08-09 09:05:07] Debug: [] [0] memory total: 6571344   app used: 27620
[2019-08-09 09:05:37] Debug: [] [0] memory total: 6571344   app used: 27620
[2019-08-09 09:06:07] Debug: [] [0] memory total: 6571344   app used: 27620
[2019-08-09 09:06:37] Debug: [] [0] memory total: 6571344   app used: 27620
[2019-08-09 09:07:07] Debug: [] [0] memory total: 6571344   app used: 27620
[2019-08-09 09:07:37] Debug: [] [0] memory total: 6571344   app used: 27632
[2019-08-09 09:08:07] Debug: [] [0] memory total: 6571344   app used: 27396
[2019-08-09 09:08:37] Debug: [] [0] memory total: 6571344   app used: 27396
[2019-08-09 09:09:07] Debug: [] [0] memory total: 6571344   app used: 27508
[2019-08-09 09:09:37] Debug: [] [0] memory total: 6571344   app used: 27508
[2019-08-09 09:10:07] Debug: [] [0] memory total: 6571344   app used: 27508
[2019-08-09 09:10:37] Debug: [] [0] memory total: 6571344   app used: 27524
[2019-08-09 09:11:07] Debug: [] [0] memory total: 6571344   app used: 27560
[2019-08-09 09:11:37] Debug: [] [0] memory total: 6571344   app used: 27568
[2019-08-09 09:12:07] Debug: [] [0] memory total: 6571344   app used: 27568
[2019-08-09 09:12:37] Debug: [] [0] memory total: 6571344   app used: 27568
[2019-08-09 09:13:07] Debug: [] [0] memory total: 6571344   app used: 27568
[2019-08-09 09:13:37] Debug: [] [0] memory total: 6571344   app used: 27568
[2019-08-09 09:14:07] Debug: [] [0] memory total: 6571344   app used: 27568
[2019-08-09 09:14:37] Debug: [] [0] memory total: 6571344   app used: 27568
[2019-08-09 09:15:07] Debug: [] [0] memory total: 6571344   app used: 27568
[2019-08-09 09:15:37] Debug: [] [0] memory total: 6571344   app used: 27568
[2019-08-09 09:16:07] Debug: [] [0] memory total: 6571344   app used: 27568
[2019-08-09 09:16:37] Debug: [] [0] memory total: 6571344   app used: 27568
[2019-08-09 09:17:07] Debug: [] [0] memory total: 6571344   app used: 27580
[2019-08-09 09:17:37] Debug: [] [0] memory total: 6571344   app used: 27580
[2019-08-09 09:18:07] Debug: [] [0] memory total: 6571344   app used: 27580
[2019-08-09 09:18:37] Debug: [] [0] memory total: 6571344   app used: 27580
[2019-08-09 09:19:07] Debug: [] [0] memory total: 6571344   app used: 27580
[2019-08-09 09:19:37] Debug: [] [0] memory total: 6571344   app used: 27580
[2019-08-09 09:21:04] Debug: [] [0] open settings windows now
[2019-08-09 09:23:15] Debug: [] [0] memory total: 71648592   app used: 37248
[2019-08-09 09:23:45] Debug: [] [0] memory total: 71648592   app used: 37324
[2019-08-09 09:24:15] Debug: [] [0] memory total: 71648592   app used: 37328
[2019-08-09 09:24:45] Debug: [] [0] memory total: 71648592   app used: 37328
[2019-08-09 09:25:15] Debug: [] [0] memory total: 71648592   app used: 37320
[2019-08-09 09:25:45] Debug: [] [0] memory total: 71648592   app used: 37320
[2019-08-09 09:26:15] Debug: [] [0] memory total: 71648592   app used: 37332
[2019-08-09 09:26:45] Debug: [] [0] memory total: 71648592   app used: 37336
[2019-08-09 09:27:15] Debug: [] [0] memory total: 71648592   app used: 37336
[2019-08-09 09:27:45] Debug: [] [0] memory total: 71648592   app used: 37348
[2019-08-09 09:28:15] Debug: [] [0] memory total: 71648592   app used: 37360
[2019-08-09 09:28:45] Debug: [] [0] memory total: 71648592   app used: 37360
[2019-08-09 09:29:15] Debug: [] [0] memory total: 71648592   app used: 37568
[2019-08-09 09:29:45] Debug: [] [0] memory total: 71648592   app used: 37568
[2019-08-09 09:30:15] Debug: [] [0] memory total: 71648592   app used: 37568
[2019-08-09 09:30:45] Debug: [] [0] memory total: 71648592   app used: 37568
[2019-08-09 09:31:15] Debug: [] [0] memory total: 71648592   app used: 37568
[2019-08-09 09:31:45] Debug: [] [0] memory total: 71648592   app used: 37568
[2019-08-09 09:32:15] Debug: [] [0] memory total: 71648592   app used: 37568
[2019-08-09 09:32:45] Debug: [] [0] memory total: 71648592   app used: 37568
[2019-08-09 09:33:15] Debug: [] [0] memory total: 71648592   app used: 37572
[2019-08-09 09:33:45] Debug: [] [0] memory total: 71648592   app used: 37572
[2019-08-09 09:34:15] Debug: [] [0] memory total: 71648592   app used: 37572
[2019-08-09 09:34:45] Debug: [] [0] memory total: 71648592   app used: 37572
[2019-08-09 09:35:15] Debug: [] [0] memory total: 71648592   app used: 37572
[2019-08-09 09:35:45] Debug: [] [0] memory total: 71648592   app used: 37572
[2019-08-09 10:05:17] Warning: [] [0] QObject::connect: No such slot zchxMapMainWindow::slotChangeColorScheme(bool)
[2019-08-09 10:05:17] Warning: [] [0] QObject::connect:  (receiver name: 'zchxMapMainWindow')
[2019-08-09 10:05:17] Warning: [] [0] QObject::connect: No such slot zchxMapMainWindow::slotShowDisplayCategory(bool)
[2019-08-09 10:05:17] Warning: [] [0] QObject::connect:  (receiver name: 'zchxMapMainWindow')
[2019-08-09 10:17:24] Warning: [] [0] QObject::connect: No such slot zchxMapMainWindow::slotChangeColorScheme(bool)
[2019-08-09 10:17:24] Warning: [] [0] QObject::connect:  (receiver name: 'zchxMapMainWindow')
[2019-08-09 10:17:24] Warning: [] [0] QObject::connect: No such slot zchxMapMainWindow::slotShowDisplayCategory(bool)
[2019-08-09 10:17:24] Warning: [] [0] QObject::connect:  (receiver name: 'zchxMapMainWindow')
[2019-08-09 10:17:54] Debug: [] [0] memory total: 45761872   app used: 37960
[2019-08-09 10:18:24] Debug: [] [0] memory total: 45761872   app used: 37912
[2019-08-09 10:18:54] Debug: [] [0] memory total: 45761872   app used: 37912
[2019-08-09 10:19:24] Debug: [] [0] memory total: 45761872   app used: 37912
[2019-08-09 10:19:57] Warning: [] [0] QObject::connect: No such slot zchxMapMainWindow::slotChangeColorScheme(bool)
[2019-08-09 10:19:57] Warning: [] [0] QObject::connect:  (receiver name: 'zchxMapMainWindow')
[2019-08-09 10:19:57] Warning: [] [0] QObject::connect: No such slot zchxMapMainWindow::slotShowDisplayCategory(bool)
[2019-08-09 10:19:57] Warning: [] [0] QObject::connect:  (receiver name: 'zchxMapMainWindow')
[2019-08-09 10:20:27] Debug: [] [0] memory total: 6571344   app used: 38132
[2019-08-09 10:20:57] Debug: [] [0] memory total: 6571344   app used: 38084
[2019-08-09 10:21:27] Debug: [] [0] memory total: 6571344   app used: 38084
[2019-08-09 10:21:57] Debug: [] [0] memory total: 6571344   app used: 38084
[2019-08-09 10:22:27] Debug: [] [0] memory total: 6571344   app used: 38076
[2019-08-09 10:22:57] Debug: [] [0] memory total: 6571344   app used: 37916
[2019-08-09 10:23:27] Debug: [] [0] memory total: 6571344   app used: 37916
[2019-08-09 10:23:57] Debug: [] [0] memory total: 6571344   app used: 37916
[2019-08-09 10:24:27] Debug: [] [0] memory total: 6571344   app used: 37916
[2019-08-09 10:24:57] Debug: [] [0] memory total: 6571344   app used: 37928
[2019-08-09 10:25:27] Debug: [] [0] memory total: 6571344   app used: 37940
[2019-08-09 10:25:57] Debug: [] [0] memory total: 6571344   app used: 37952
[2019-08-09 10:26:27] Debug: [] [0] memory total: 6571344   app used: 38072
[2019-08-09 10:26:57] Debug: [] [0] memory total: 6571344   app used: 38072
[2019-08-09 10:27:27] Debug: [] [0] memory total: 6571344   app used: 38072
[2019-08-09 10:27:57] Debug: [] [0] memory total: 6571344   app used: 38072
[2019-08-09 10:28:27] Debug: [] [0] memory total: 6571344   app used: 38072
[2019-08-09 10:28:57] Debug: [] [0] memory total: 6571344   app used: 38072
[2019-08-09 10:29:27] Debug: [] [0] memory total: 6571344   app used: 38072
[2019-08-09 10:29:57] Debug: [] [0] memory total: 6571344   app used: 38072
[2019-08-09 10:30:27] Debug: [] [0] memory total: 6571344   app used: 38076
[2019-08-09 10:30:57] Debug: [] [0] memory total: 6571344   app used: 38076
[2019-08-09 10:31:27] Debug: [] [0] memory total: 6571344   app used: 38076
[2019-08-09 10:31:57] Debug: [] [0] memory total: 6571344   app used: 38076
[2019-08-09 10:32:27] Debug: [] [0] memory total: 6571344   app used: 38076
[2019-08-09 10:32:57] Debug: [] [0] memory total: 6571344   app used: 38076
[2019-08-09 10:33:27] Debug: [] [0] memory total: 6571344   app used: 38076
[2019-08-09 10:33:57] Debug: [] [0] memory total: 6571344   app used: 38076
[2019-08-09 10:34:27] Debug: [] [0] memory total: 6571344   app used: 38076
[2019-08-09 10:34:57] Debug: [] [0] memory total: 6571344   app used: 38076
[2019-08-09 10:36:59] Debug: [] [0] memory total: 71386448   app used: 38052
[2019-08-09 10:37:29] Debug: [] [0] memory total: 71386448   app used: 38124
[2019-08-09 10:37:59] Debug: [] [0] memory total: 71386448   app used: 38124
[2019-08-09 10:38:07] Debug: [] [0] open settings windows now
[2019-08-09 10:39:35] Debug: [] [0] open settings windows now
[2019-08-09 10:41:38] Debug: [] [0] open settings windows now
[2019-08-09 10:41:38] Warning: [] [0] setGeometry: Unable to set geometry 715x2138+603+31 on QWidgetWindow/'zchxOptionsDlgWindow'. Resulting geometry:  715x1061+603+31 (frame: 8, 31, 8, 8, custom margin: 0, 0, 0, 0, minimum size: 317x139, maximum size: 16777215x16777215).
[2019-08-09 10:41:38] Warning: [] [0] setGeometry: Unable to set geometry 715x2138+603+31 on QWidgetWindow/'zchxOptionsDlgWindow'. Resulting geometry:  715x1061+603+31 (frame: 8, 31, 8, 8, custom margin: 0, 0, 0, 0, minimum size: 317x139, maximum size: 16777215x16777215).
[2019-08-09 10:42:06] Debug: [] [0] memory total: 6636880   app used: 38964
[2019-08-09 10:42:56] Debug: [] [0] open settings windows now
[2019-08-09 10:42:56] Warning: [] [0] setGeometry: Unable to set geometry 715x2138+603+31 on QWidgetWindow/'zchxOptionsDlgWindow'. Resulting geometry:  715x1061+603+31 (frame: 8, 31, 8, 8, custom margin: 0, 0, 0, 0, minimum size: 317x139, maximum size: 16777215x16777215).
[2019-08-09 10:42:56] Warning: [] [0] setGeometry: Unable to set geometry 715x2138+603+31 on QWidgetWindow/'zchxOptionsDlgWindow'. Resulting geometry:  715x1061+603+31 (frame: 8, 31, 8, 8, custom margin: 0, 0, 0, 0, minimum size: 317x139, maximum size: 16777215x16777215).
[2019-08-09 10:43:23] Debug: [] [0] memory total: 6636880   app used: 44328
[2019-08-09 10:43:33] Debug: [] [0] open settings windows now
[2019-08-09 10:43:33] Warning: [] [0] setGeometry: Unable to set geometry 715x2138+603+31 on QWidgetWindow/'zchxOptionsDlgWindow'. Resulting geometry:  715x1061+603+31 (frame: 8, 31, 8, 8, custom margin: 0, 0, 0, 0, minimum size: 317x139, maximum size: 16777215x16777215).
[2019-08-09 10:43:33] Warning: [] [0] setGeometry: Unable to set geometry 715x2138+603+31 on QWidgetWindow/'zchxOptionsDlgWindow'. Resulting geometry:  715x1061+603+31 (frame: 8, 31, 8, 8, custom margin: 0, 0, 0, 0, minimum size: 317x139, maximum size: 16777215x16777215).
[2019-08-09 10:43:53] Debug: [] [0] memory total: 6636880   app used: 47760
[2019-08-09 10:47:46] Debug: [] [0] open settings windows now
